-- Selecting Windows SDK version 10.0.22621.0 to target Windows 10.0.26100.
GLFW_PATH = D:/cmder/Real-time-path-tracing-voxel-blocks/3rdparty/glfw
GLFW_INCLUDE_DIR = D:/cmder/Real-time-path-tracing-voxel-blocks/3rdparty/glfw/include
GLFW_LIBRARY_DIR = D:/cmder/Real-time-path-tracing-voxel-blocks/3rdparty/glfw/lib-vc
GLFW_LIBRARIES = D:/cmder/Real-time-path-tracing-voxel-blocks/3rdparty/glfw/lib-vc2022/glfw3.lib
GLFW_FOUND = TRUE
PTX_DIR = D:/cmder/Real-time-path-tracing-voxel-blocks/build/ptx
-- Configuring done (0.3s)
-- Generating done (0.1s)
-- Build files have been written to: D:/cmder/Real-time-path-tracing-voxel-blocks/build
MSBuild version 17.13.19+0d9f5a35a for .NET Framework

  AssetRegistry.cpp
  AssetRegistry.cpp
D:\cmder\Real-time-path-tracing-voxel-blocks\renderer\assets\AssetRegistry.cpp(142,35): error C2679: binary '<<': no operator found which takes a right-hand operand of type 'YAML::NodeType' (or there is no acceptable conversion) [D:\cmder\Real-time-path-tracing-voxel-blocks\build\voxelgame_offline.vcxproj]
      C:\Program Files\Microsoft Visual Studio\2022\Community\VC\Tools\MSVC\14.43.34808\include\__msvc_ostream.hpp(480,39):
      could be 'std::basic_ostream<char,std::char_traits<char>> &std::basic_ostream<char,std::char_traits<char>>::operator <<(std::basic_streambuf<char,std::char_traits<char>> *)'
          D:\cmder\Real-time-path-tracing-voxel-blocks\renderer\assets\AssetRegistry.cpp(142,35):
          'std::basic_ostream<char,std::char_traits<char>> &std::basic_ostream<char,std::char_traits<char>>::operator <<(std::basic_streambuf<char,std::char_traits<char>> *)': cannot convert argument 2 from 'YAML::NodeType' to 'std::basic_streambuf<char,std::char_traits<char>> *'
              D:\cmder\Real-time-path-tracing-voxel-blocks\renderer\assets\AssetRegistry.cpp(142,66):
              Conversion from integral type to pointer type requires reinterpret_cast, C-style cast or parenthesized function-style cast
      C:\Program Files\Microsoft Visual Studio\2022\Community\VC\Tools\MSVC\14.43.34808\include\__msvc_ostream.hpp(448,39):
      or       'std::basic_ostream<char,std::char_traits<char>> &std::basic_ostream<char,std::char_traits<char>>::operator <<(const void *)'
          D:\cmder\Real-time-path-tracing-voxel-blocks\renderer\assets\AssetRegistry.cpp(142,35):
          'std::basic_ostream<char,std::char_traits<char>> &std::basic_ostream<char,std::char_traits<char>>::operator <<(const void *)': cannot convert argument 2 from 'YAML::NodeType' to 'const void *'
              D:\cmder\Real-time-path-tracing-voxel-blocks\renderer\assets\AssetRegistry.cpp(142,66):
              Conversion from integral type to pointer type requires reinterpret_cast, C-style cast or parenthesized function-style cast
      C:\Program Files\Microsoft Visual Studio\2022\Community\VC\Tools\MSVC\14.43.34808\include\__msvc_ostream.hpp(430,39):
      or       'std::basic_ostream<char,std::char_traits<char>> &std::basic_ostream<char,std::char_traits<char>>::operator <<(long double)'
          D:\cmder\Real-time-path-tracing-voxel-blocks\renderer\assets\AssetRegistry.cpp(142,35):
          'std::basic_ostream<char,std::char_traits<char>> &std::basic_ostream<char,std::char_traits<char>>::operator <<(long double)': cannot convert argument 2 from 'YAML::NodeType' to 'long double'
              D:\cmder\Real-time-path-tracing-voxel-blocks\renderer\assets\AssetRegistry.cpp(142,66):
              This conversion requires an explicit cast (static_cast, C-style cast or parenthesized function-style cast)
      C:\Program Files\Microsoft Visual Studio\2022\Community\VC\Tools\MSVC\14.43.34808\include\__msvc_ostream.hpp(412,39):
      or       'std::basic_ostream<char,std::char_traits<char>> &std::basic_ostream<char,std::char_traits<char>>::operator <<(double)'
          D:\cmder\Real-time-path-tracing-voxel-blocks\renderer\assets\AssetRegistry.cpp(142,35):
          'std::basic_ostream<char,std::char_traits<char>> &std::basic_ostream<char,std::char_traits<char>>::operator <<(double)': cannot convert argument 2 from 'YAML::NodeType' to 'double'
              D:\cmder\Real-time-path-tracing-voxel-blocks\renderer\assets\AssetRegistry.cpp(142,66):
              This conversion requires an explicit cast (static_cast, C-style cast or parenthesized function-style cast)
      C:\Program Files\Microsoft Visual Studio\2022\Community\VC\Tools\MSVC\14.43.34808\include\__msvc_ostream.hpp(394,39):
      or       'std::basic_ostream<char,std::char_traits<char>> &std::basic_ostream<char,std::char_traits<char>>::operator <<(float)'
          D:\cmder\Real-time-path-tracing-voxel-blocks\renderer\assets\AssetRegistry.cpp(142,35):
          'std::basic_ostream<char,std::char_traits<char>> &std::basic_ostream<char,std::char_traits<char>>::operator <<(float)': cannot convert argument 2 from 'YAML::NodeType' to 'float'
              D:\cmder\Real-time-path-tracing-voxel-blocks\renderer\assets\AssetRegistry.cpp(142,66):
              This conversion requires an explicit cast (static_cast, C-style cast or parenthesized function-style cast)
      C:\Program Files\Microsoft Visual Studio\2022\Community\VC\Tools\MSVC\14.43.34808\include\__msvc_ostream.hpp(376,39):
      or       'std::basic_ostream<char,std::char_traits<char>> &std::basic_ostream<char,std::char_traits<char>>::operator <<(unsigned __int64)'
          D:\cmder\Real-time-path-tracing-voxel-blocks\renderer\assets\AssetRegistry.cpp(142,35):
          'std::basic_ostream<char,std::char_traits<char>> &std::basic_ostream<char,std::char_traits<char>>::operator <<(unsigned __int64)': cannot convert argument 2 from 'YAML::NodeType' to 'unsigned __int64'
              D:\cmder\Real-time-path-tracing-voxel-blocks\renderer\assets\AssetRegistry.cpp(142,66):
              This conversion requires an explicit cast (static_cast, C-style cast or parenthesized function-style cast)
      C:\Program Files\Microsoft Visual Studio\2022\Community\VC\Tools\MSVC\14.43.34808\include\__msvc_ostream.hpp(358,39):
      or       'std::basic_ostream<char,std::char_traits<char>> &std::basic_ostream<char,std::char_traits<char>>::operator <<(__int64)'
          D:\cmder\Real-time-path-tracing-voxel-blocks\renderer\assets\AssetRegistry.cpp(142,35):
          'std::basic_ostream<char,std::char_traits<char>> &std::basic_ostream<char,std::char_traits<char>>::operator <<(__int64)': cannot convert argument 2 from 'YAML::NodeType' to '__int64'
              D:\cmder\Real-time-path-tracing-voxel-blocks\renderer\assets\AssetRegistry.cpp(142,66):
              This conversion requires an explicit cast (static_cast, C-style cast or parenthesized function-style cast)
      C:\Program Files\Microsoft Visual Studio\2022\Community\VC\Tools\MSVC\14.43.34808\include\__msvc_ostream.hpp(340,39):
      or       'std::basic_ostream<char,std::char_traits<char>> &std::basic_ostream<char,std::char_traits<char>>::operator <<(unsigned long)'
          D:\cmder\Real-time-path-tracing-voxel-blocks\renderer\assets\AssetRegistry.cpp(142,35):
          'std::basic_ostream<char,std::char_traits<char>> &std::basic_ostream<char,std::char_traits<char>>::operator <<(unsigned long)': cannot convert argument 2 from 'YAML::NodeType' to 'unsigned long'
              D:\cmder\Real-time-path-tracing-voxel-blocks\renderer\assets\AssetRegistry.cpp(142,66):
              This conversion requires an explicit cast (static_cast, C-style cast or parenthesized function-style cast)
      C:\Program Files\Microsoft Visual Studio\2022\Community\VC\Tools\MSVC\14.43.34808\include\__msvc_ostream.hpp(322,39):
      or       'std::basic_ostream<char,std::char_traits<char>> &std::basic_ostream<char,std::char_traits<char>>::operator <<(long)'
          D:\cmder\Real-time-path-tracing-voxel-blocks\renderer\assets\AssetRegistry.cpp(142,35):
          'std::basic_ostream<char,std::char_traits<char>> &std::basic_ostream<char,std::char_traits<char>>::operator <<(long)': cannot convert argument 2 from 'YAML::NodeType' to 'long'
              D:\cmder\Real-time-path-tracing-voxel-blocks\renderer\assets\AssetRegistry.cpp(142,66):
              This conversion requires an explicit cast (static_cast, C-style cast or parenthesized function-style cast)
      C:\Program Files\Microsoft Visual Studio\2022\Community\VC\Tools\MSVC\14.43.34808\include\__msvc_ostream.hpp(303,39):
      or       'std::basic_ostream<char,std::char_traits<char>> &std::basic_ostream<char,std::char_traits<char>>::operator <<(unsigned int)'
          D:\cmder\Real-time-path-tracing-voxel-blocks\renderer\assets\AssetRegistry.cpp(142,35):
          'std::basic_ostream<char,std::char_traits<char>> &std::basic_ostream<char,std::char_traits<char>>::operator <<(unsigned int)': cannot convert argument 2 from 'YAML::NodeType' to 'unsigned int'
              D:\cmder\Real-time-path-tracing-voxel-blocks\renderer\assets\AssetRegistry.cpp(142,66):
              This conversion requires an explicit cast (static_cast, C-style cast or parenthesized function-style cast)
      C:\Program Files\Microsoft Visual Studio\2022\Community\VC\Tools\MSVC\14.43.34808\include\__msvc_ostream.hpp(277,39):
      or       'std::basic_ostream<char,std::char_traits<char>> &std::basic_ostream<char,std::char_traits<char>>::operator <<(int)'
          D:\cmder\Real-time-path-tracing-voxel-blocks\renderer\assets\AssetRegistry.cpp(142,35):
          'std::basic_ostream<char,std::char_traits<char>> &std::basic_ostream<char,std::char_traits<char>>::operator <<(int)': cannot convert argument 2 from 'YAML::NodeType' to 'int'
              D:\cmder\Real-time-path-tracing-voxel-blocks\renderer\assets\AssetRegistry.cpp(142,66):
              This conversion requires an explicit cast (static_cast, C-style cast or parenthesized function-style cast)
      C:\Program Files\Microsoft Visual Studio\2022\Community\VC\Tools\MSVC\14.43.34808\include\__msvc_ostream.hpp(258,39):
      or       'std::basic_ostream<char,std::char_traits<char>> &std::basic_ostream<char,std::char_traits<char>>::operator <<(unsigned short)'
          D:\cmder\Real-time-path-tracing-voxel-blocks\renderer\assets\AssetRegistry.cpp(142,35):
          'std::basic_ostream<char,std::char_traits<char>> &std::basic_ostream<char,std::char_traits<char>>::operator <<(unsigned short)': cannot convert argument 2 from 'YAML::NodeType' to 'unsigned short'
              D:\cmder\Real-time-path-tracing-voxel-blocks\renderer\assets\AssetRegistry.cpp(142,66):
              This conversion requires an explicit cast (static_cast, C-style cast or parenthesized function-style cast)
      C:\Program Files\Microsoft Visual Studio\2022\Community\VC\Tools\MSVC\14.43.34808\include\__msvc_ostream.hpp(224,39):
      or       'std::basic_ostream<char,std::char_traits<char>> &std::basic_ostream<char,std::char_traits<char>>::operator <<(short)'
          D:\cmder\Real-time-path-tracing-voxel-blocks\renderer\assets\AssetRegistry.cpp(142,35):
          'std::basic_ostream<char,std::char_traits<char>> &std::basic_ostream<char,std::char_traits<char>>::operator <<(short)': cannot convert argument 2 from 'YAML::NodeType' to 'short'
              D:\cmder\Real-time-path-tracing-voxel-blocks\renderer\assets\AssetRegistry.cpp(142,66):
              This conversion requires an explicit cast (static_cast, C-style cast or parenthesized function-style cast)
      C:\Program Files\Microsoft Visual Studio\2022\Community\VC\Tools\MSVC\14.43.34808\include\__msvc_ostream.hpp(206,39):
      or       'std::basic_ostream<char,std::char_traits<char>> &std::basic_ostream<char,std::char_traits<char>>::operator <<(bool)'
          D:\cmder\Real-time-path-tracing-voxel-blocks\renderer\assets\AssetRegistry.cpp(142,35):
          'std::basic_ostream<char,std::char_traits<char>> &std::basic_ostream<char,std::char_traits<char>>::operator <<(bool)': cannot convert argument 2 from 'YAML::NodeType' to 'bool'
              D:\cmder\Real-time-path-tracing-voxel-blocks\renderer\assets\AssetRegistry.cpp(142,66):
              This conversion requires an explicit cast (static_cast, C-style cast or parenthesized function-style cast)
      C:\Program Files\Microsoft Visual Studio\2022\Community\VC\Tools\MSVC\14.43.34808\include\__msvc_ostream.hpp(200,39):
      or       'std::basic_ostream<char,std::char_traits<char>> &std::basic_ostream<char,std::char_traits<char>>::operator <<(std::ios_base &(__cdecl *)(std::ios_base &))'
          D:\cmder\Real-time-path-tracing-voxel-blocks\renderer\assets\AssetRegistry.cpp(142,35):
          'std::basic_ostream<char,std::char_traits<char>> &std::basic_ostream<char,std::char_traits<char>>::operator <<(std::ios_base &(__cdecl *)(std::ios_base &))': cannot convert argument 2 from 'YAML::NodeType' to 'std::ios_base &(__cdecl *)(std::ios_base &)'
              D:\cmder\Real-time-path-tracing-voxel-blocks\renderer\assets\AssetRegistry.cpp(142,66):
              Conversion from integral type to pointer type requires reinterpret_cast, C-style cast or parenthesized function-style cast
      C:\Program Files\Microsoft Visual Studio\2022\Community\VC\Tools\MSVC\14.43.34808\include\__msvc_ostream.hpp(194,39):
      or       'std::basic_ostream<char,std::char_traits<char>> &std::basic_ostream<char,std::char_traits<char>>::operator <<(std::basic_ios<char,std::char_traits<char>> &(__cdecl *)(std::basic_ios<char,std::char_traits<char>> &))'
          D:\cmder\Real-time-path-tracing-voxel-blocks\renderer\assets\AssetRegistry.cpp(142,35):
          'std::basic_ostream<char,std::char_traits<char>> &std::basic_ostream<char,std::char_traits<char>>::operator <<(std::basic_ios<char,std::char_traits<char>> &(__cdecl *)(std::basic_ios<char,std::char_traits<char>> &))': cannot convert argument 2 from 'YAML::NodeType' to 'std::basic_ios<char,std::char_traits<char>> &(__cdecl *)(std::basic_ios<char,std::char_traits<char>> &)'
              D:\cmder\Real-time-path-tracing-voxel-blocks\renderer\assets\AssetRegistry.cpp(142,66):
              Conversion from integral type to pointer type requires reinterpret_cast, C-style cast or parenthesized function-style cast
      C:\Program Files\Microsoft Visual Studio\2022\Community\VC\Tools\MSVC\14.43.34808\include\__msvc_ostream.hpp(189,39):
      or       'std::basic_ostream<char,std::char_traits<char>> &std::basic_ostream<char,std::char_traits<char>>::operator <<(std::basic_ostream<char,std::char_traits<char>> &(__cdecl *)(std::basic_ostream<char,std::char_traits<char>> &))'
          D:\cmder\Real-time-path-tracing-voxel-blocks\renderer\assets\AssetRegistry.cpp(142,35):
          'std::basic_ostream<char,std::char_traits<char>> &std::basic_ostream<char,std::char_traits<char>>::operator <<(std::basic_ostream<char,std::char_traits<char>> &(__cdecl *)(std::basic_ostream<char,std::char_traits<char>> &))': cannot convert argument 2 from 'YAML::NodeType' to 'std::basic_ostream<char,std::char_traits<char>> &(__cdecl *)(std::basic_ostream<char,std::char_traits<char>> &)'
              D:\cmder\Real-time-path-tracing-voxel-blocks\renderer\assets\AssetRegistry.cpp(142,66):
              Conversion from integral type to pointer type requires reinterpret_cast, C-style cast or parenthesized function-style cast
      C:\Program Files\Microsoft Visual Studio\2022\Community\VC\Tools\MSVC\14.43.34808\include\__msvc_ostream.hpp(475,20):
      or       'std::basic_ostream<char,std::char_traits<char>> &std::basic_ostream<char,std::char_traits<char>>::operator <<(std::nullptr_t)'
          D:\cmder\Real-time-path-tracing-voxel-blocks\renderer\assets\AssetRegistry.cpp(142,66):
          'initializing': cannot convert from 'YAML::NodeType' to 'std::nullptr_t'
              D:\cmder\Real-time-path-tracing-voxel-blocks\renderer\assets\AssetRegistry.cpp(142,66):
              nullptr can only be converted to pointer or handle types
      C:\Program Files\Microsoft Visual Studio\2022\Community\VC\Tools\MSVC\14.43.34808\include\cstddef(37,27):
      or       'std::byte std::operator <<(const std::byte,const _IntType) noexcept'
          D:\cmder\Real-time-path-tracing-voxel-blocks\renderer\assets\AssetRegistry.cpp(142,35):
          'std::byte std::operator <<(const std::byte,const _IntType) noexcept': could not deduce template argument for '__formal'
              C:\Program Files\Microsoft Visual Studio\2022\Community\VC\Tools\MSVC\14.43.34808\include\cstddef(36,39):
              'std::enable_if_t<false,int>' : Failed to specialize alias template
      C:\Program Files\Microsoft Visual Studio\2022\Community\VC\Tools\MSVC\14.43.34808\include\memory(1976,32):
      or       'std::basic_ostream<_Elem,_Traits> &std::operator <<(std::basic_ostream<_Elem,_Traits> &,const std::shared_ptr<_Ty> &)'
          D:\cmder\Real-time-path-tracing-voxel-blocks\renderer\assets\AssetRegistry.cpp(142,35):
          'std::basic_ostream<_Elem,_Traits> &std::operator <<(std::basic_ostream<_Elem,_Traits> &,const std::shared_ptr<_Ty> &)': could not deduce template argument for 'const std::shared_ptr<_Ty> &' from 'YAML::NodeType'
      C:\Program Files\Microsoft Visual Studio\2022\Community\VC\Tools\MSVC\14.43.34808\include\memory(3756,32):
      or       'std::basic_ostream<_Elem,_Traits> &std::operator <<(std::basic_ostream<_Elem,_Traits> &,const std::unique_ptr<_Ty2,_Dx2> &)'
          D:\cmder\Real-time-path-tracing-voxel-blocks\renderer\assets\AssetRegistry.cpp(142,35):
          'std::basic_ostream<_Elem,_Traits> &std::operator <<(std::basic_ostream<_Elem,_Traits> &,const std::unique_ptr<_Ty2,_Dx2> &)': could not deduce template argument for 'const std::unique_ptr<_Ty2,_Dx2> &' from 'YAML::NodeType'
      C:\Program Files\Microsoft Visual Studio\2022\Community\VC\Tools\MSVC\14.43.34808\include\__msvc_string_view.hpp(1960,32):
      or       'std::basic_ostream<_Elem,_Traits> &std::operator <<(std::basic_ostream<_Elem,_Traits> &,const std::basic_string_view<_Elem,_Traits>)'
          D:\cmder\Real-time-path-tracing-voxel-blocks\renderer\assets\AssetRegistry.cpp(142,35):
          'std::basic_ostream<_Elem,_Traits> &std::operator <<(std::basic_ostream<_Elem,_Traits> &,const std::basic_string_view<_Elem,_Traits>)': could not deduce template argument for 'const std::basic_string_view<_Elem,_Traits>' from 'YAML::NodeType'
      C:\Program Files\Microsoft Visual Studio\2022\Community\VC\Tools\MSVC\14.43.34808\include\xstring(3408,32):
      or       'std::basic_ostream<_Elem,_Traits> &std::operator <<(std::basic_ostream<_Elem,_Traits> &,const std::basic_string<_Elem,_Traits,_Alloc> &)'
          D:\cmder\Real-time-path-tracing-voxel-blocks\renderer\assets\AssetRegistry.cpp(142,35):
          'std::basic_ostream<_Elem,_Traits> &std::operator <<(std::basic_ostream<_Elem,_Traits> &,const std::basic_string<_Elem,_Traits,_Alloc> &)': could not deduce template argument for 'const std::basic_string<_Elem,_Traits,_Alloc> &' from 'YAML::NodeType'
      C:\Program Files\Microsoft Visual Studio\2022\Community\VC\Tools\MSVC\14.43.34808\include\__msvc_ostream.hpp(688,32):
      or       'std::basic_ostream<_Elem,_Traits> &std::operator <<(std::basic_ostream<_Elem,_Traits> &,const char *)'
          D:\cmder\Real-time-path-tracing-voxel-blocks\renderer\assets\AssetRegistry.cpp(142,66):
          'initializing': cannot convert from 'YAML::NodeType' to 'const char *'
              D:\cmder\Real-time-path-tracing-voxel-blocks\renderer\assets\AssetRegistry.cpp(142,66):
              Conversion from integral type to pointer type requires reinterpret_cast, C-style cast or parenthesized function-style cast
      C:\Program Files\Microsoft Visual Studio\2022\Community\VC\Tools\MSVC\14.43.34808\include\__msvc_ostream.hpp(732,32):
      or       'std::basic_ostream<_Elem,_Traits> &std::operator <<(std::basic_ostream<_Elem,_Traits> &,char)'
          D:\cmder\Real-time-path-tracing-voxel-blocks\renderer\assets\AssetRegistry.cpp(142,66):
          'initializing': cannot convert from 'YAML::NodeType' to 'char'
              D:\cmder\Real-time-path-tracing-voxel-blocks\renderer\assets\AssetRegistry.cpp(142,66):
              This conversion requires an explicit cast (static_cast, C-style cast or parenthesized function-style cast)
      C:\Program Files\Microsoft Visual Studio\2022\Community\VC\Tools\MSVC\14.43.34808\include\__msvc_ostream.hpp(768,31):
      or       'std::basic_ostream<char,_Traits> &std::operator <<(std::basic_ostream<char,_Traits> &,const char *)'
          D:\cmder\Real-time-path-tracing-voxel-blocks\renderer\assets\AssetRegistry.cpp(142,66):
          'initializing': cannot convert from 'YAML::NodeType' to 'const char *'
              D:\cmder\Real-time-path-tracing-voxel-blocks\renderer\assets\AssetRegistry.cpp(142,66):
              Conversion from integral type to pointer type requires reinterpret_cast, C-style cast or parenthesized function-style cast
      C:\Program Files\Microsoft Visual Studio\2022\Community\VC\Tools\MSVC\14.43.34808\include\__msvc_ostream.hpp(813,31):
      or       'std::basic_ostream<char,_Traits> &std::operator <<(std::basic_ostream<char,_Traits> &,char)'
          D:\cmder\Real-time-path-tracing-voxel-blocks\renderer\assets\AssetRegistry.cpp(142,66):
          'initializing': cannot convert from 'YAML::NodeType' to 'char'
              D:\cmder\Real-time-path-tracing-voxel-blocks\renderer\assets\AssetRegistry.cpp(142,66):
              This conversion requires an explicit cast (static_cast, C-style cast or parenthesized function-style cast)
      C:\Program Files\Microsoft Visual Studio\2022\Community\VC\Tools\MSVC\14.43.34808\include\__msvc_ostream.hpp(851,32):
      or       'std::basic_ostream<_Elem,_Traits> &std::operator <<(std::basic_ostream<_Elem,_Traits> &,const _Elem *)'
          D:\cmder\Real-time-path-tracing-voxel-blocks\renderer\assets\AssetRegistry.cpp(142,35):
          'std::basic_ostream<_Elem,_Traits> &std::operator <<(std::basic_ostream<_Elem,_Traits> &,const _Elem *)': could not deduce template argument for 'const _Elem *' from 'YAML::NodeType'
      C:\Program Files\Microsoft Visual Studio\2022\Community\VC\Tools\MSVC\14.43.34808\include\__msvc_ostream.hpp(894,32):
      or       'std::basic_ostream<_Elem,_Traits> &std::operator <<(std::basic_ostream<_Elem,_Traits> &,_Elem)'
          D:\cmder\Real-time-path-tracing-voxel-blocks\renderer\assets\AssetRegistry.cpp(142,35):
          'std::basic_ostream<_Elem,_Traits> &std::operator <<(std::basic_ostream<_Elem,_Traits> &,_Elem)': template parameter '_Elem' is ambiguous
              D:\cmder\Real-time-path-tracing-voxel-blocks\renderer\assets\AssetRegistry.cpp(142,35):
              could be 'YAML::NodeType'
              D:\cmder\Real-time-path-tracing-voxel-blocks\renderer\assets\AssetRegistry.cpp(142,35):
              or       'char'
          D:\cmder\Real-time-path-tracing-voxel-blocks\renderer\assets\AssetRegistry.cpp(142,35):
          'std::basic_ostream<_Elem,_Traits> &std::operator <<(std::basic_ostream<_Elem,_Traits> &,_Elem)': could not deduce template argument for '_Elem' from 'YAML::NodeType'
      C:\Program Files\Microsoft Visual Studio\2022\Community\VC\Tools\MSVC\14.43.34808\include\__msvc_ostream.hpp(930,31):
      or       'std::basic_ostream<char,_Traits> &std::operator <<(std::basic_ostream<char,_Traits> &,const signed char *)'
          D:\cmder\Real-time-path-tracing-voxel-blocks\renderer\assets\AssetRegistry.cpp(142,66):
          'initializing': cannot convert from 'YAML::NodeType' to 'const signed char *'
              D:\cmder\Real-time-path-tracing-voxel-blocks\renderer\assets\AssetRegistry.cpp(142,66):
              Conversion from integral type to pointer type requires reinterpret_cast, C-style cast or parenthesized function-style cast
      C:\Program Files\Microsoft Visual Studio\2022\Community\VC\Tools\MSVC\14.43.34808\include\__msvc_ostream.hpp(936,31):
      or       'std::basic_ostream<char,_Traits> &std::operator <<(std::basic_ostream<char,_Traits> &,signed char)'
          D:\cmder\Real-time-path-tracing-voxel-blocks\renderer\assets\AssetRegistry.cpp(142,66):
          'initializing': cannot convert from 'YAML::NodeType' to 'signed char'
              D:\cmder\Real-time-path-tracing-voxel-blocks\renderer\assets\AssetRegistry.cpp(142,66):
              This conversion requires an explicit cast (static_cast, C-style cast or parenthesized function-style cast)
      C:\Program Files\Microsoft Visual Studio\2022\Community\VC\Tools\MSVC\14.43.34808\include\__msvc_ostream.hpp(941,31):
      or       'std::basic_ostream<char,_Traits> &std::operator <<(std::basic_ostream<char,_Traits> &,const unsigned char *)'
          D:\cmder\Real-time-path-tracing-voxel-blocks\renderer\assets\AssetRegistry.cpp(142,66):
          'initializing': cannot convert from 'YAML::NodeType' to 'const unsigned char *'
              D:\cmder\Real-time-path-tracing-voxel-blocks\renderer\assets\AssetRegistry.cpp(142,66):
              Conversion from integral type to pointer type requires reinterpret_cast, C-style cast or parenthesized function-style cast
      C:\Program Files\Microsoft Visual Studio\2022\Community\VC\Tools\MSVC\14.43.34808\include\__msvc_ostream.hpp(947,31):
      or       'std::basic_ostream<char,_Traits> &std::operator <<(std::basic_ostream<char,_Traits> &,unsigned char)'
          D:\cmder\Real-time-path-tracing-voxel-blocks\renderer\assets\AssetRegistry.cpp(142,66):
          'initializing': cannot convert from 'YAML::NodeType' to 'unsigned char'
              D:\cmder\Real-time-path-tracing-voxel-blocks\renderer\assets\AssetRegistry.cpp(142,66):
              This conversion requires an explicit cast (static_cast, C-style cast or parenthesized function-style cast)
      C:\Program Files\Microsoft Visual Studio\2022\Community\VC\Tools\MSVC\14.43.34808\include\__msvc_ostream.hpp(1005,9):
      or       '_Ostr &&std::operator <<(_Ostr &&,const _Ty &)'
          D:\cmder\Real-time-path-tracing-voxel-blocks\renderer\assets\AssetRegistry.cpp(142,35):
          '_Ostr &&std::operator <<(_Ostr &&,const _Ty &)': could not deduce template argument for '__formal'
              C:\Program Files\Microsoft Visual Studio\2022\Community\VC\Tools\MSVC\14.43.34808\include\__msvc_ostream.hpp(1004,103):
              '<template-parameter>': you cannot create a pointer to a reference
      C:\Program Files\Microsoft Visual Studio\2022\Community\VC\Tools\MSVC\14.43.34808\include\__msvc_ostream.hpp(1031,32):
      or       'std::basic_ostream<_Elem,_Traits> &std::operator <<(std::basic_ostream<_Elem,_Traits> &,const std::error_code &)'
          D:\cmder\Real-time-path-tracing-voxel-blocks\renderer\assets\AssetRegistry.cpp(142,66):
          'initializing': cannot convert from 'YAML::NodeType' to 'const std::error_code &'
              D:\cmder\Real-time-path-tracing-voxel-blocks\renderer\assets\AssetRegistry.cpp(142,66):
              Reason: cannot convert from 'YAML::NodeType' to 'const std::error_code'
              D:\cmder\Real-time-path-tracing-voxel-blocks\renderer\assets\AssetRegistry.cpp(142,66):
              No user-defined-conversion operator available that can perform this conversion, or the operator cannot be called
      D:\cmder\Real-time-path-tracing-voxel-blocks\renderer\assets\AssetRegistry.cpp(142,35):
      while trying to match the argument list '(std::basic_ostream<char,std::char_traits<char>>, YAML::NodeType)'
  
D:\cmder\Real-time-path-tracing-voxel-blocks\renderer\assets\AssetRegistry.cpp(142,35): error C2679: binary '<<': no operator found which takes a right-hand operand of type 'YAML::NodeType' (or there is no acceptable conversion) [D:\cmder\Real-time-path-tracing-voxel-blocks\build\voxelgame.vcxproj]
      C:\Program Files\Microsoft Visual Studio\2022\Community\VC\Tools\MSVC\14.43.34808\include\__msvc_ostream.hpp(480,39):
      could be 'std::basic_ostream<char,std::char_traits<char>> &std::basic_ostream<char,std::char_traits<char>>::operator <<(std::basic_streambuf<char,std::char_traits<char>> *)'
          D:\cmder\Real-time-path-tracing-voxel-blocks\renderer\assets\AssetRegistry.cpp(142,35):
          'std::basic_ostream<char,std::char_traits<char>> &std::basic_ostream<char,std::char_traits<char>>::operator <<(std::basic_streambuf<char,std::char_traits<char>> *)': cannot convert argument 2 from 'YAML::NodeType' to 'std::basic_streambuf<char,std::char_traits<char>> *'
              D:\cmder\Real-time-path-tracing-voxel-blocks\renderer\assets\AssetRegistry.cpp(142,66):
              Conversion from integral type to pointer type requires reinterpret_cast, C-style cast or parenthesized function-style cast
      C:\Program Files\Microsoft Visual Studio\2022\Community\VC\Tools\MSVC\14.43.34808\include\__msvc_ostream.hpp(448,39):
      or       'std::basic_ostream<char,std::char_traits<char>> &std::basic_ostream<char,std::char_traits<char>>::operator <<(const void *)'
          D:\cmder\Real-time-path-tracing-voxel-blocks\renderer\assets\AssetRegistry.cpp(142,35):
          'std::basic_ostream<char,std::char_traits<char>> &std::basic_ostream<char,std::char_traits<char>>::operator <<(const void *)': cannot convert argument 2 from 'YAML::NodeType' to 'const void *'
              D:\cmder\Real-time-path-tracing-voxel-blocks\renderer\assets\AssetRegistry.cpp(142,66):
              Conversion from integral type to pointer type requires reinterpret_cast, C-style cast or parenthesized function-style cast
      C:\Program Files\Microsoft Visual Studio\2022\Community\VC\Tools\MSVC\14.43.34808\include\__msvc_ostream.hpp(430,39):
      or       'std::basic_ostream<char,std::char_traits<char>> &std::basic_ostream<char,std::char_traits<char>>::operator <<(long double)'
          D:\cmder\Real-time-path-tracing-voxel-blocks\renderer\assets\AssetRegistry.cpp(142,35):
          'std::basic_ostream<char,std::char_traits<char>> &std::basic_ostream<char,std::char_traits<char>>::operator <<(long double)': cannot convert argument 2 from 'YAML::NodeType' to 'long double'
              D:\cmder\Real-time-path-tracing-voxel-blocks\renderer\assets\AssetRegistry.cpp(142,66):
              This conversion requires an explicit cast (static_cast, C-style cast or parenthesized function-style cast)
      C:\Program Files\Microsoft Visual Studio\2022\Community\VC\Tools\MSVC\14.43.34808\include\__msvc_ostream.hpp(412,39):
      or       'std::basic_ostream<char,std::char_traits<char>> &std::basic_ostream<char,std::char_traits<char>>::operator <<(double)'
          D:\cmder\Real-time-path-tracing-voxel-blocks\renderer\assets\AssetRegistry.cpp(142,35):
          'std::basic_ostream<char,std::char_traits<char>> &std::basic_ostream<char,std::char_traits<char>>::operator <<(double)': cannot convert argument 2 from 'YAML::NodeType' to 'double'
              D:\cmder\Real-time-path-tracing-voxel-blocks\renderer\assets\AssetRegistry.cpp(142,66):
              This conversion requires an explicit cast (static_cast, C-style cast or parenthesized function-style cast)
      C:\Program Files\Microsoft Visual Studio\2022\Community\VC\Tools\MSVC\14.43.34808\include\__msvc_ostream.hpp(394,39):
      or       'std::basic_ostream<char,std::char_traits<char>> &std::basic_ostream<char,std::char_traits<char>>::operator <<(float)'
          D:\cmder\Real-time-path-tracing-voxel-blocks\renderer\assets\AssetRegistry.cpp(142,35):
          'std::basic_ostream<char,std::char_traits<char>> &std::basic_ostream<char,std::char_traits<char>>::operator <<(float)': cannot convert argument 2 from 'YAML::NodeType' to 'float'
              D:\cmder\Real-time-path-tracing-voxel-blocks\renderer\assets\AssetRegistry.cpp(142,66):
              This conversion requires an explicit cast (static_cast, C-style cast or parenthesized function-style cast)
      C:\Program Files\Microsoft Visual Studio\2022\Community\VC\Tools\MSVC\14.43.34808\include\__msvc_ostream.hpp(376,39):
      or       'std::basic_ostream<char,std::char_traits<char>> &std::basic_ostream<char,std::char_traits<char>>::operator <<(unsigned __int64)'
          D:\cmder\Real-time-path-tracing-voxel-blocks\renderer\assets\AssetRegistry.cpp(142,35):
          'std::basic_ostream<char,std::char_traits<char>> &std::basic_ostream<char,std::char_traits<char>>::operator <<(unsigned __int64)': cannot convert argument 2 from 'YAML::NodeType' to 'unsigned __int64'
              D:\cmder\Real-time-path-tracing-voxel-blocks\renderer\assets\AssetRegistry.cpp(142,66):
              This conversion requires an explicit cast (static_cast, C-style cast or parenthesized function-style cast)
      C:\Program Files\Microsoft Visual Studio\2022\Community\VC\Tools\MSVC\14.43.34808\include\__msvc_ostream.hpp(358,39):
      or       'std::basic_ostream<char,std::char_traits<char>> &std::basic_ostream<char,std::char_traits<char>>::operator <<(__int64)'
          D:\cmder\Real-time-path-tracing-voxel-blocks\renderer\assets\AssetRegistry.cpp(142,35):
          'std::basic_ostream<char,std::char_traits<char>> &std::basic_ostream<char,std::char_traits<char>>::operator <<(__int64)': cannot convert argument 2 from 'YAML::NodeType' to '__int64'
              D:\cmder\Real-time-path-tracing-voxel-blocks\renderer\assets\AssetRegistry.cpp(142,66):
              This conversion requires an explicit cast (static_cast, C-style cast or parenthesized function-style cast)
      C:\Program Files\Microsoft Visual Studio\2022\Community\VC\Tools\MSVC\14.43.34808\include\__msvc_ostream.hpp(340,39):
      or       'std::basic_ostream<char,std::char_traits<char>> &std::basic_ostream<char,std::char_traits<char>>::operator <<(unsigned long)'
          D:\cmder\Real-time-path-tracing-voxel-blocks\renderer\assets\AssetRegistry.cpp(142,35):
          'std::basic_ostream<char,std::char_traits<char>> &std::basic_ostream<char,std::char_traits<char>>::operator <<(unsigned long)': cannot convert argument 2 from 'YAML::NodeType' to 'unsigned long'
              D:\cmder\Real-time-path-tracing-voxel-blocks\renderer\assets\AssetRegistry.cpp(142,66):
              This conversion requires an explicit cast (static_cast, C-style cast or parenthesized function-style cast)
      C:\Program Files\Microsoft Visual Studio\2022\Community\VC\Tools\MSVC\14.43.34808\include\__msvc_ostream.hpp(322,39):
      or       'std::basic_ostream<char,std::char_traits<char>> &std::basic_ostream<char,std::char_traits<char>>::operator <<(long)'
          D:\cmder\Real-time-path-tracing-voxel-blocks\renderer\assets\AssetRegistry.cpp(142,35):
          'std::basic_ostream<char,std::char_traits<char>> &std::basic_ostream<char,std::char_traits<char>>::operator <<(long)': cannot convert argument 2 from 'YAML::NodeType' to 'long'
              D:\cmder\Real-time-path-tracing-voxel-blocks\renderer\assets\AssetRegistry.cpp(142,66):
              This conversion requires an explicit cast (static_cast, C-style cast or parenthesized function-style cast)
      C:\Program Files\Microsoft Visual Studio\2022\Community\VC\Tools\MSVC\14.43.34808\include\__msvc_ostream.hpp(303,39):
      or       'std::basic_ostream<char,std::char_traits<char>> &std::basic_ostream<char,std::char_traits<char>>::operator <<(unsigned int)'
          D:\cmder\Real-time-path-tracing-voxel-blocks\renderer\assets\AssetRegistry.cpp(142,35):
          'std::basic_ostream<char,std::char_traits<char>> &std::basic_ostream<char,std::char_traits<char>>::operator <<(unsigned int)': cannot convert argument 2 from 'YAML::NodeType' to 'unsigned int'
              D:\cmder\Real-time-path-tracing-voxel-blocks\renderer\assets\AssetRegistry.cpp(142,66):
              This conversion requires an explicit cast (static_cast, C-style cast or parenthesized function-style cast)
      C:\Program Files\Microsoft Visual Studio\2022\Community\VC\Tools\MSVC\14.43.34808\include\__msvc_ostream.hpp(277,39):
      or       'std::basic_ostream<char,std::char_traits<char>> &std::basic_ostream<char,std::char_traits<char>>::operator <<(int)'
          D:\cmder\Real-time-path-tracing-voxel-blocks\renderer\assets\AssetRegistry.cpp(142,35):
          'std::basic_ostream<char,std::char_traits<char>> &std::basic_ostream<char,std::char_traits<char>>::operator <<(int)': cannot convert argument 2 from 'YAML::NodeType' to 'int'
              D:\cmder\Real-time-path-tracing-voxel-blocks\renderer\assets\AssetRegistry.cpp(142,66):
              This conversion requires an explicit cast (static_cast, C-style cast or parenthesized function-style cast)
      C:\Program Files\Microsoft Visual Studio\2022\Community\VC\Tools\MSVC\14.43.34808\include\__msvc_ostream.hpp(258,39):
      or       'std::basic_ostream<char,std::char_traits<char>> &std::basic_ostream<char,std::char_traits<char>>::operator <<(unsigned short)'
          D:\cmder\Real-time-path-tracing-voxel-blocks\renderer\assets\AssetRegistry.cpp(142,35):
          'std::basic_ostream<char,std::char_traits<char>> &std::basic_ostream<char,std::char_traits<char>>::operator <<(unsigned short)': cannot convert argument 2 from 'YAML::NodeType' to 'unsigned short'
              D:\cmder\Real-time-path-tracing-voxel-blocks\renderer\assets\AssetRegistry.cpp(142,66):
              This conversion requires an explicit cast (static_cast, C-style cast or parenthesized function-style cast)
      C:\Program Files\Microsoft Visual Studio\2022\Community\VC\Tools\MSVC\14.43.34808\include\__msvc_ostream.hpp(224,39):
      or       'std::basic_ostream<char,std::char_traits<char>> &std::basic_ostream<char,std::char_traits<char>>::operator <<(short)'
          D:\cmder\Real-time-path-tracing-voxel-blocks\renderer\assets\AssetRegistry.cpp(142,35):
          'std::basic_ostream<char,std::char_traits<char>> &std::basic_ostream<char,std::char_traits<char>>::operator <<(short)': cannot convert argument 2 from 'YAML::NodeType' to 'short'
              D:\cmder\Real-time-path-tracing-voxel-blocks\renderer\assets\AssetRegistry.cpp(142,66):
              This conversion requires an explicit cast (static_cast, C-style cast or parenthesized function-style cast)
      C:\Program Files\Microsoft Visual Studio\2022\Community\VC\Tools\MSVC\14.43.34808\include\__msvc_ostream.hpp(206,39):
      or       'std::basic_ostream<char,std::char_traits<char>> &std::basic_ostream<char,std::char_traits<char>>::operator <<(bool)'
          D:\cmder\Real-time-path-tracing-voxel-blocks\renderer\assets\AssetRegistry.cpp(142,35):
          'std::basic_ostream<char,std::char_traits<char>> &std::basic_ostream<char,std::char_traits<char>>::operator <<(bool)': cannot convert argument 2 from 'YAML::NodeType' to 'bool'
              D:\cmder\Real-time-path-tracing-voxel-blocks\renderer\assets\AssetRegistry.cpp(142,66):
              This conversion requires an explicit cast (static_cast, C-style cast or parenthesized function-style cast)
      C:\Program Files\Microsoft Visual Studio\2022\Community\VC\Tools\MSVC\14.43.34808\include\__msvc_ostream.hpp(200,39):
      or       'std::basic_ostream<char,std::char_traits<char>> &std::basic_ostream<char,std::char_traits<char>>::operator <<(std::ios_base &(__cdecl *)(std::ios_base &))'
          D:\cmder\Real-time-path-tracing-voxel-blocks\renderer\assets\AssetRegistry.cpp(142,35):
          'std::basic_ostream<char,std::char_traits<char>> &std::basic_ostream<char,std::char_traits<char>>::operator <<(std::ios_base &(__cdecl *)(std::ios_base &))': cannot convert argument 2 from 'YAML::NodeType' to 'std::ios_base &(__cdecl *)(std::ios_base &)'
              D:\cmder\Real-time-path-tracing-voxel-blocks\renderer\assets\AssetRegistry.cpp(142,66):
              Conversion from integral type to pointer type requires reinterpret_cast, C-style cast or parenthesized function-style cast
      C:\Program Files\Microsoft Visual Studio\2022\Community\VC\Tools\MSVC\14.43.34808\include\__msvc_ostream.hpp(194,39):
      or       'std::basic_ostream<char,std::char_traits<char>> &std::basic_ostream<char,std::char_traits<char>>::operator <<(std::basic_ios<char,std::char_traits<char>> &(__cdecl *)(std::basic_ios<char,std::char_traits<char>> &))'
          D:\cmder\Real-time-path-tracing-voxel-blocks\renderer\assets\AssetRegistry.cpp(142,35):
          'std::basic_ostream<char,std::char_traits<char>> &std::basic_ostream<char,std::char_traits<char>>::operator <<(std::basic_ios<char,std::char_traits<char>> &(__cdecl *)(std::basic_ios<char,std::char_traits<char>> &))': cannot convert argument 2 from 'YAML::NodeType' to 'std::basic_ios<char,std::char_traits<char>> &(__cdecl *)(std::basic_ios<char,std::char_traits<char>> &)'
              D:\cmder\Real-time-path-tracing-voxel-blocks\renderer\assets\AssetRegistry.cpp(142,66):
              Conversion from integral type to pointer type requires reinterpret_cast, C-style cast or parenthesized function-style cast
      C:\Program Files\Microsoft Visual Studio\2022\Community\VC\Tools\MSVC\14.43.34808\include\__msvc_ostream.hpp(189,39):
      or       'std::basic_ostream<char,std::char_traits<char>> &std::basic_ostream<char,std::char_traits<char>>::operator <<(std::basic_ostream<char,std::char_traits<char>> &(__cdecl *)(std::basic_ostream<char,std::char_traits<char>> &))'
          D:\cmder\Real-time-path-tracing-voxel-blocks\renderer\assets\AssetRegistry.cpp(142,35):
          'std::basic_ostream<char,std::char_traits<char>> &std::basic_ostream<char,std::char_traits<char>>::operator <<(std::basic_ostream<char,std::char_traits<char>> &(__cdecl *)(std::basic_ostream<char,std::char_traits<char>> &))': cannot convert argument 2 from 'YAML::NodeType' to 'std::basic_ostream<char,std::char_traits<char>> &(__cdecl *)(std::basic_ostream<char,std::char_traits<char>> &)'
              D:\cmder\Real-time-path-tracing-voxel-blocks\renderer\assets\AssetRegistry.cpp(142,66):
              Conversion from integral type to pointer type requires reinterpret_cast, C-style cast or parenthesized function-style cast
      C:\Program Files\Microsoft Visual Studio\2022\Community\VC\Tools\MSVC\14.43.34808\include\__msvc_ostream.hpp(475,20):
      or       'std::basic_ostream<char,std::char_traits<char>> &std::basic_ostream<char,std::char_traits<char>>::operator <<(std::nullptr_t)'
          D:\cmder\Real-time-path-tracing-voxel-blocks\renderer\assets\AssetRegistry.cpp(142,66):
          'initializing': cannot convert from 'YAML::NodeType' to 'std::nullptr_t'
              D:\cmder\Real-time-path-tracing-voxel-blocks\renderer\assets\AssetRegistry.cpp(142,66):
              nullptr can only be converted to pointer or handle types
      C:\Program Files\Microsoft Visual Studio\2022\Community\VC\Tools\MSVC\14.43.34808\include\cstddef(37,27):
      or       'std::byte std::operator <<(const std::byte,const _IntType) noexcept'
          D:\cmder\Real-time-path-tracing-voxel-blocks\renderer\assets\AssetRegistry.cpp(142,35):
          'std::byte std::operator <<(const std::byte,const _IntType) noexcept': could not deduce template argument for '__formal'
              C:\Program Files\Microsoft Visual Studio\2022\Community\VC\Tools\MSVC\14.43.34808\include\cstddef(36,39):
              'std::enable_if_t<false,int>' : Failed to specialize alias template
      C:\Program Files\Microsoft Visual Studio\2022\Community\VC\Tools\MSVC\14.43.34808\include\memory(1976,32):
      or       'std::basic_ostream<_Elem,_Traits> &std::operator <<(std::basic_ostream<_Elem,_Traits> &,const std::shared_ptr<_Ty> &)'
          D:\cmder\Real-time-path-tracing-voxel-blocks\renderer\assets\AssetRegistry.cpp(142,35):
          'std::basic_ostream<_Elem,_Traits> &std::operator <<(std::basic_ostream<_Elem,_Traits> &,const std::shared_ptr<_Ty> &)': could not deduce template argument for 'const std::shared_ptr<_Ty> &' from 'YAML::NodeType'
      C:\Program Files\Microsoft Visual Studio\2022\Community\VC\Tools\MSVC\14.43.34808\include\memory(3756,32):
      or       'std::basic_ostream<_Elem,_Traits> &std::operator <<(std::basic_ostream<_Elem,_Traits> &,const std::unique_ptr<_Ty2,_Dx2> &)'
          D:\cmder\Real-time-path-tracing-voxel-blocks\renderer\assets\AssetRegistry.cpp(142,35):
          'std::basic_ostream<_Elem,_Traits> &std::operator <<(std::basic_ostream<_Elem,_Traits> &,const std::unique_ptr<_Ty2,_Dx2> &)': could not deduce template argument for 'const std::unique_ptr<_Ty2,_Dx2> &' from 'YAML::NodeType'
      C:\Program Files\Microsoft Visual Studio\2022\Community\VC\Tools\MSVC\14.43.34808\include\__msvc_string_view.hpp(1960,32):
      or       'std::basic_ostream<_Elem,_Traits> &std::operator <<(std::basic_ostream<_Elem,_Traits> &,const std::basic_string_view<_Elem,_Traits>)'
          D:\cmder\Real-time-path-tracing-voxel-blocks\renderer\assets\AssetRegistry.cpp(142,35):
          'std::basic_ostream<_Elem,_Traits> &std::operator <<(std::basic_ostream<_Elem,_Traits> &,const std::basic_string_view<_Elem,_Traits>)': could not deduce template argument for 'const std::basic_string_view<_Elem,_Traits>' from 'YAML::NodeType'
      C:\Program Files\Microsoft Visual Studio\2022\Community\VC\Tools\MSVC\14.43.34808\include\xstring(3408,32):
      or       'std::basic_ostream<_Elem,_Traits> &std::operator <<(std::basic_ostream<_Elem,_Traits> &,const std::basic_string<_Elem,_Traits,_Alloc> &)'
          D:\cmder\Real-time-path-tracing-voxel-blocks\renderer\assets\AssetRegistry.cpp(142,35):
          'std::basic_ostream<_Elem,_Traits> &std::operator <<(std::basic_ostream<_Elem,_Traits> &,const std::basic_string<_Elem,_Traits,_Alloc> &)': could not deduce template argument for 'const std::basic_string<_Elem,_Traits,_Alloc> &' from 'YAML::NodeType'
      C:\Program Files\Microsoft Visual Studio\2022\Community\VC\Tools\MSVC\14.43.34808\include\__msvc_ostream.hpp(688,32):
      or       'std::basic_ostream<_Elem,_Traits> &std::operator <<(std::basic_ostream<_Elem,_Traits> &,const char *)'
          D:\cmder\Real-time-path-tracing-voxel-blocks\renderer\assets\AssetRegistry.cpp(142,66):
          'initializing': cannot convert from 'YAML::NodeType' to 'const char *'
              D:\cmder\Real-time-path-tracing-voxel-blocks\renderer\assets\AssetRegistry.cpp(142,66):
              Conversion from integral type to pointer type requires reinterpret_cast, C-style cast or parenthesized function-style cast
      C:\Program Files\Microsoft Visual Studio\2022\Community\VC\Tools\MSVC\14.43.34808\include\__msvc_ostream.hpp(732,32):
      or       'std::basic_ostream<_Elem,_Traits> &std::operator <<(std::basic_ostream<_Elem,_Traits> &,char)'
          D:\cmder\Real-time-path-tracing-voxel-blocks\renderer\assets\AssetRegistry.cpp(142,66):
          'initializing': cannot convert from 'YAML::NodeType' to 'char'
              D:\cmder\Real-time-path-tracing-voxel-blocks\renderer\assets\AssetRegistry.cpp(142,66):
              This conversion requires an explicit cast (static_cast, C-style cast or parenthesized function-style cast)
      C:\Program Files\Microsoft Visual Studio\2022\Community\VC\Tools\MSVC\14.43.34808\include\__msvc_ostream.hpp(768,31):
      or       'std::basic_ostream<char,_Traits> &std::operator <<(std::basic_ostream<char,_Traits> &,const char *)'
          D:\cmder\Real-time-path-tracing-voxel-blocks\renderer\assets\AssetRegistry.cpp(142,66):
          'initializing': cannot convert from 'YAML::NodeType' to 'const char *'
              D:\cmder\Real-time-path-tracing-voxel-blocks\renderer\assets\AssetRegistry.cpp(142,66):
              Conversion from integral type to pointer type requires reinterpret_cast, C-style cast or parenthesized function-style cast
      C:\Program Files\Microsoft Visual Studio\2022\Community\VC\Tools\MSVC\14.43.34808\include\__msvc_ostream.hpp(813,31):
      or       'std::basic_ostream<char,_Traits> &std::operator <<(std::basic_ostream<char,_Traits> &,char)'
          D:\cmder\Real-time-path-tracing-voxel-blocks\renderer\assets\AssetRegistry.cpp(142,66):
          'initializing': cannot convert from 'YAML::NodeType' to 'char'
              D:\cmder\Real-time-path-tracing-voxel-blocks\renderer\assets\AssetRegistry.cpp(142,66):
              This conversion requires an explicit cast (static_cast, C-style cast or parenthesized function-style cast)
      C:\Program Files\Microsoft Visual Studio\2022\Community\VC\Tools\MSVC\14.43.34808\include\__msvc_ostream.hpp(851,32):
      or       'std::basic_ostream<_Elem,_Traits> &std::operator <<(std::basic_ostream<_Elem,_Traits> &,const _Elem *)'
          D:\cmder\Real-time-path-tracing-voxel-blocks\renderer\assets\AssetRegistry.cpp(142,35):
          'std::basic_ostream<_Elem,_Traits> &std::operator <<(std::basic_ostream<_Elem,_Traits> &,const _Elem *)': could not deduce template argument for 'const _Elem *' from 'YAML::NodeType'
      C:\Program Files\Microsoft Visual Studio\2022\Community\VC\Tools\MSVC\14.43.34808\include\__msvc_ostream.hpp(894,32):
      or       'std::basic_ostream<_Elem,_Traits> &std::operator <<(std::basic_ostream<_Elem,_Traits> &,_Elem)'
          D:\cmder\Real-time-path-tracing-voxel-blocks\renderer\assets\AssetRegistry.cpp(142,35):
          'std::basic_ostream<_Elem,_Traits> &std::operator <<(std::basic_ostream<_Elem,_Traits> &,_Elem)': template parameter '_Elem' is ambiguous
              D:\cmder\Real-time-path-tracing-voxel-blocks\renderer\assets\AssetRegistry.cpp(142,35):
              could be 'YAML::NodeType'
              D:\cmder\Real-time-path-tracing-voxel-blocks\renderer\assets\AssetRegistry.cpp(142,35):
              or       'char'
          D:\cmder\Real-time-path-tracing-voxel-blocks\renderer\assets\AssetRegistry.cpp(142,35):
          'std::basic_ostream<_Elem,_Traits> &std::operator <<(std::basic_ostream<_Elem,_Traits> &,_Elem)': could not deduce template argument for '_Elem' from 'YAML::NodeType'
      C:\Program Files\Microsoft Visual Studio\2022\Community\VC\Tools\MSVC\14.43.34808\include\__msvc_ostream.hpp(930,31):
      or       'std::basic_ostream<char,_Traits> &std::operator <<(std::basic_ostream<char,_Traits> &,const signed char *)'
          D:\cmder\Real-time-path-tracing-voxel-blocks\renderer\assets\AssetRegistry.cpp(142,66):
          'initializing': cannot convert from 'YAML::NodeType' to 'const signed char *'
              D:\cmder\Real-time-path-tracing-voxel-blocks\renderer\assets\AssetRegistry.cpp(142,66):
              Conversion from integral type to pointer type requires reinterpret_cast, C-style cast or parenthesized function-style cast
      C:\Program Files\Microsoft Visual Studio\2022\Community\VC\Tools\MSVC\14.43.34808\include\__msvc_ostream.hpp(936,31):
      or       'std::basic_ostream<char,_Traits> &std::operator <<(std::basic_ostream<char,_Traits> &,signed char)'
          D:\cmder\Real-time-path-tracing-voxel-blocks\renderer\assets\AssetRegistry.cpp(142,66):
          'initializing': cannot convert from 'YAML::NodeType' to 'signed char'
              D:\cmder\Real-time-path-tracing-voxel-blocks\renderer\assets\AssetRegistry.cpp(142,66):
              This conversion requires an explicit cast (static_cast, C-style cast or parenthesized function-style cast)
      C:\Program Files\Microsoft Visual Studio\2022\Community\VC\Tools\MSVC\14.43.34808\include\__msvc_ostream.hpp(941,31):
      or       'std::basic_ostream<char,_Traits> &std::operator <<(std::basic_ostream<char,_Traits> &,const unsigned char *)'
          D:\cmder\Real-time-path-tracing-voxel-blocks\renderer\assets\AssetRegistry.cpp(142,66):
          'initializing': cannot convert from 'YAML::NodeType' to 'const unsigned char *'
              D:\cmder\Real-time-path-tracing-voxel-blocks\renderer\assets\AssetRegistry.cpp(142,66):
              Conversion from integral type to pointer type requires reinterpret_cast, C-style cast or parenthesized function-style cast
      C:\Program Files\Microsoft Visual Studio\2022\Community\VC\Tools\MSVC\14.43.34808\include\__msvc_ostream.hpp(947,31):
      or       'std::basic_ostream<char,_Traits> &std::operator <<(std::basic_ostream<char,_Traits> &,unsigned char)'
          D:\cmder\Real-time-path-tracing-voxel-blocks\renderer\assets\AssetRegistry.cpp(142,66):
          'initializing': cannot convert from 'YAML::NodeType' to 'unsigned char'
              D:\cmder\Real-time-path-tracing-voxel-blocks\renderer\assets\AssetRegistry.cpp(142,66):
              This conversion requires an explicit cast (static_cast, C-style cast or parenthesized function-style cast)
      C:\Program Files\Microsoft Visual Studio\2022\Community\VC\Tools\MSVC\14.43.34808\include\__msvc_ostream.hpp(1005,9):
      or       '_Ostr &&std::operator <<(_Ostr &&,const _Ty &)'
          D:\cmder\Real-time-path-tracing-voxel-blocks\renderer\assets\AssetRegistry.cpp(142,35):
          '_Ostr &&std::operator <<(_Ostr &&,const _Ty &)': could not deduce template argument for '__formal'
              C:\Program Files\Microsoft Visual Studio\2022\Community\VC\Tools\MSVC\14.43.34808\include\__msvc_ostream.hpp(1004,103):
              '<template-parameter>': you cannot create a pointer to a reference
      C:\Program Files\Microsoft Visual Studio\2022\Community\VC\Tools\MSVC\14.43.34808\include\__msvc_ostream.hpp(1031,32):
      or       'std::basic_ostream<_Elem,_Traits> &std::operator <<(std::basic_ostream<_Elem,_Traits> &,const std::error_code &)'
          D:\cmder\Real-time-path-tracing-voxel-blocks\renderer\assets\AssetRegistry.cpp(142,66):
          'initializing': cannot convert from 'YAML::NodeType' to 'const std::error_code &'
              D:\cmder\Real-time-path-tracing-voxel-blocks\renderer\assets\AssetRegistry.cpp(142,66):
              Reason: cannot convert from 'YAML::NodeType' to 'const std::error_code'
              D:\cmder\Real-time-path-tracing-voxel-blocks\renderer\assets\AssetRegistry.cpp(142,66):
              No user-defined-conversion operator available that can perform this conversion, or the operator cannot be called
      D:\cmder\Real-time-path-tracing-voxel-blocks\renderer\assets\AssetRegistry.cpp(142,35):
      while trying to match the argument list '(std::basic_ostream<char,std::char_traits<char>>, YAML::NodeType)'
  
